

Microchip Technology PIC Macro Assembler V1.45 build -152302408 
                                                                                                           Tue Jun  5 02:22:42 2018


     1                           
     2                           	; Microchip MPLAB XC8 C Compiler V1.45
     3                           	; Copyright (C) 1984-2017 HI-TECH Software
     4                           
     5                           	; Auto-generated runtime startup code for final link stage.
     6                           
     7                           	;
     8                           	; Compiler options:
     9                           	;
    10                           	; build/teclado.p1 build/lcd.p1 build/main.p1 -Obin/proj_final_micro \
    11                           	; --chip=16f887 --mode=free -Q --warn=-9 -D_XTAL_FREQ=4000000 \
    12                           	; --ccmode=cci
    13                           	;
    14                           
    15                           
    16                           	processor	16F887
    17                           
    18                           	global	_main,start,reset_vec
    19                           	fnroot	_main
    20                           	psect	config,class=CONFIG,delta=2,noexec
    21                           	psect	idloc,class=IDLOC,delta=2,noexec
    22                           	psect	code,class=CODE,delta=2
    23                           	psect	powerup,class=CODE,delta=2
    24                           	psect	reset_vec,class=CODE,delta=2
    25                           	psect	maintext,class=CODE,delta=2
    26  0000                     	Z	set	2
    27  0002                     	PCL	set	2
    28  0002                     	INDF	set	0
    29  0000                     
    30                           	STATUS	equ	3
    31  0003                     	PCLATH	equ	0Ah
    32  000A                     
    33                           	psect	eeprom_data,class=EEDATA,delta=2,space=3,noexec
    34                           	psect	intentry,class=CODE,delta=2
    35                           	psect	functab,class=ENTRY,delta=2
    36                           	global	intlevel0,intlevel1,intlevel2, intlevel3, intlevel4, intlevel5
    37                           intlevel0:
    38  0000                     intlevel1:
    39  0000                     intlevel2:
    40  0000                     intlevel3:
    41  0000                     intlevel4:
    42  0000                     intlevel5:
    43  0000                     	psect	init,class=CODE,delta=2
    44                           	psect	cinit,class=CODE,delta=2
    45                           	psect	text,class=CODE,delta=2
    46                           	psect	end_init,class=CODE,delta=2
    47                           	psect	clrtext,class=CODE,delta=2
    48                           	FSR	set	4
    49  0004                     	psect	strings,class=CODE,delta=2,reloc=256
    50                           
    51                           	global stacklo, stackhi
    52                           	stacklo	equ	0
    53  0000                     	stackhi	equ	0
    54  0000                     
    55                           
    56                           	psect	stack,class=STACK,space=2,noexec
    57                           	global ___sp,___int_sp
    58                           	___sp:
    59  0000                     	___int_sp:
    60  0000                     	psect	reset_vec
    61                           reset_vec:
    62  0000                     	; No powerup routine
    63                           	; No interrupt routine
    64                           
    65                           
    66                           	psect	init
    67                           start
    68  0000                     	psect	end_init
    69                           	global start_initialization
    70                           	ljmp start_initialization	;jump to C runtime clear & initialization
    71  0000  120A  118A  2FFC   
    72                           ; Config register CONFIG1 @ 0x2007
    73                           ;	Oscillator Selection bits
    74                           ;	FOSC = INTRC_NOCLKOUT, INTOSCIO oscillator: I/O function on RA6/OSC2/CLKOUT pin, I/O function on R
                                 A7/OSC1/CLKIN
    75                           ;	Watchdog Timer Enable bit
    76                           ;	WDTE = OFF, WDT disabled and can be enabled by SWDTEN bit of the WDTCON register
    77                           ;	Power-up Timer Enable bit
    78                           ;	PWRTE = OFF, PWRT disabled
    79                           ;	RE3/MCLR pin function select bit
    80                           ;	MCLRE = OFF, RE3/MCLR pin function is digital input, MCLR internally tied to VDD
    81                           ;	Code Protection bit
    82                           ;	CP = OFF, Program memory code protection is disabled
    83                           ;	Data Code Protection bit
    84                           ;	CPD = OFF, Data memory code protection is disabled
    85                           ;	Brown Out Reset Selection bits
    86                           ;	BOREN = ON, BOR enabled
    87                           ;	Internal External Switchover bit
    88                           ;	IESO = OFF, Internal/External Switchover mode is disabled
    89                           ;	Fail-Safe Clock Monitor Enabled bit
    90                           ;	FCMEN = OFF, Fail-Safe Clock Monitor is disabled
    91                           ;	Low Voltage Programming Enable bit
    92                           ;	LVP = OFF, RB3 pin has digital I/O, HV on MCLR must be used for programming
    93                           ;	In-Circuit Debugger Mode bit
    94                           ;	DEBUG = 0x1, unprogrammed default
    95                           
    96                           	psect	config
    97                           		org 0x0
    98  2007                     		dw 0xE3D4
    99  2007  E3D4               


Microchip Technology PIC Macro Assembler V1.45 build -152302408 
Symbol Table                                                                                               Tue Jun  5 02:22:42 2018

               ___sp 0000                 _main 122D                 start 0000               stackhi 0000  
             stacklo 0000  start_initialization 07FC             ___int_sp 0000             intlevel0 0000  
           intlevel1 0000             intlevel2 0000             intlevel3 0000             intlevel4 0000  
           intlevel5 0000             reset_vec 0000  
